<?xml version="1.0" encoding="UTF-8"?>
<!-- Generated by org.testng.reporters.JUnitReportReporter -->
<testsuite skipped="0" hostname="LAPTOP-JEI8AS0O" name="testcases.TestcaseOne" tests="3" failures="0" timestamp="2020-02-23T15:01:07 EST" time="20.350" errors="0">
  <testcase name="getListOfOptiononLeftPane" time="8.346" classname="testcases.TestcaseOne"/>
  <system-out/>
  <testcase name="getListofCards" time="4.263" classname="testcases.TestcaseOne"/>
  <system-out/>
  <testcase name="LogingSuccessful" time="7.741" classname="testcases.TestcaseOne"/>
  <system-out/>
</testsuite> <!-- testcases.TestcaseOne -->
